The target system is: Generic - 3.7.99 - arm
The host system is: Windows - 10.0.19045 - AMD64
Compiling the C compiler identification source file "CMakeCCompilerId.c" succeeded.
Compiler: C:/ncs/toolchains/b620d30767/opt/zephyr-sdk/arm-zephyr-eabi/bin/arm-zephyr-eabi-gcc.exe 
Build flags: 
Id flags: -c 

The output was:
0


Compilation of the C compiler identification source "CMakeCCompilerId.c" produced "CMakeCCompilerId.o"

The C compiler identification is GNU, found in "D:/Downloads/dwm3000-master/examples/ex_02d_rx_sniff/52840dk/52840/ex_02d_rx_sniff/CMakeFiles/3.21.0/CompilerIdC/CMakeCCompilerId.o"

Compiling the CXX compiler identification source file "CMakeCXXCompilerId.cpp" succeeded.
Compiler: C:/ncs/toolchains/b620d30767/opt/zephyr-sdk/arm-zephyr-eabi/bin/arm-zephyr-eabi-gcc.exe 
Build flags: 
Id flags: -c 

The output was:
0


Compilation of the CXX compiler identification source "CMakeCXXCompilerId.cpp" produced "CMakeCXXCompilerId.o"

The CXX compiler identification is GNU, found in "D:/Downloads/dwm3000-master/examples/ex_02d_rx_sniff/52840dk/52840/ex_02d_rx_sniff/CMakeFiles/3.21.0/CompilerIdCXX/CMakeCXXCompilerId.o"

Checking whether the ASM compiler is GNU using "--version" matched "(GNU assembler)|(GCC)|(Free Software Foundation)":
arm-zephyr-eabi-gcc.exe (Zephyr SDK 0.17.0) 12.2.0
Copyright (C) 2022 Free Software Foundation, Inc.
This is free software; see the source for copying conditions.  There is NO
warranty; not even for MERCHANTABILITY or FITNESS FOR A PARTICULAR PURPOSE.

Performing C SOURCE FILE Test check_fmacro_prefix_map_D__Downloads_dwm3000_master_examples_ex_02d_rx_sniff_CMAKE_SOURCE_DIR_C__nostartfiles__nostdlib__isystem__c__ncs_toolchains_b620d30767_opt_zephyr_sdk_arm_zephyr_eabi_bin____lib_gcc_arm_zephyr_eabi_12_2_0_include___isystem__c__ncs_toolchains_b620d30767_opt_zephyr_sdk_arm_zephyr_eabi_bin____lib_gcc_arm_zephyr_eabi_12_2_0_include_fixed___Wl___unresolved_symbols_ignore_in_object_files__Wl___entry_0__fuse_ld_bfd succeeded with the following output:
Change Dir: D:/Downloads/dwm3000-master/examples/ex_02d_rx_sniff/52840dk/52840/ex_02d_rx_sniff/CMakeFiles/CMakeTmp

Run Build Command(s):C:/ncs/toolchains/b620d30767/opt/bin/ninja.exe cmTC_ca271 && [1/2] Building C object CMakeFiles/cmTC_ca271.dir/src.c.obj
[2/2] Linking C executable cmTC_ca271


Source file was:
int main(void) { return 0; }
